<?xml version="1.0" encoding="UTF-8"?>
<testng-results skipped="0" failed="0" total="1" passed="1">
  <reporter-output>
  </reporter-output>
  <suite name="Default suite" duration-ms="61791" started-at="2016-10-10T06:51:54Z" finished-at="2016-10-10T06:52:56Z">
    <groups>
    </groups>
    <test name="Default test" duration-ms="61791" started-at="2016-10-10T06:51:54Z" finished-at="2016-10-10T06:52:56Z">
      <class name="music_01_MusicHome.Test_04_¹«·áÀ½¾Ç">
        <test-method status="PASS" signature="setUp()[pri:0, instance:music_01_MusicHome.Test_04_¹«·áÀ½¾Ç@11531931]" name="setUp" is-config="true" duration-ms="33747" started-at="2016-10-10T15:51:54Z" finished-at="2016-10-10T15:52:28Z">
          <reporter-output>
          </reporter-output>
        </test-method> <!-- setUp -->
        <test-method status="PASS" signature="¹«·áÀ½¾Ç_Å×½ºÆ®()[pri:0, instance:music_01_MusicHome.Test_04_¹«·áÀ½¾Ç@11531931]" name="¹«·áÀ½¾Ç_Å×½ºÆ®" duration-ms="13348" started-at="2016-10-10T15:52:28Z" finished-at="2016-10-10T15:52:41Z">
          <reporter-output>
          </reporter-output>
        </test-method> <!-- ¹«·áÀ½¾Ç_Å×½ºÆ® -->
        <test-method status="PASS" signature="tearDown()[pri:0, instance:music_01_MusicHome.Test_04_¹«·áÀ½¾Ç@11531931]" name="tearDown" is-config="true" duration-ms="14685" started-at="2016-10-10T15:52:41Z" finished-at="2016-10-10T15:52:56Z">
          <reporter-output>
          </reporter-output>
        </test-method> <!-- tearDown -->
      </class> <!-- music_01_MusicHome.Test_04_¹«·áÀ½¾Ç -->
    </test> <!-- Default test -->
  </suite> <!-- Default suite -->
</testng-results>
