<?xml version="1.0" encoding="UTF-8"?>
<testng-results skipped="0" failed="0" total="1" passed="1">
  <reporter-output>
  </reporter-output>
  <suite name="Default suite" duration-ms="87528" started-at="2016-09-23T02:03:07Z" finished-at="2016-09-23T02:04:34Z">
    <groups>
    </groups>
    <test name="Default test" duration-ms="87528" started-at="2016-09-23T02:03:07Z" finished-at="2016-09-23T02:04:34Z">
      <class name="music_01_MusicHome.Test_01_네뮤차트">
        <test-method status="PASS" signature="setUp()[pri:0, instance:music_01_MusicHome.Test_01_네뮤차트@11531931]" name="setUp" is-config="true" duration-ms="29984" started-at="2016-09-23T11:03:07Z" finished-at="2016-09-23T11:03:37Z">
          <reporter-output>
          </reporter-output>
        </test-method> <!-- setUp -->
        <test-method status="PASS" signature="a_네이버뮤직차트_테스트()[pri:0, instance:music_01_MusicHome.Test_01_네뮤차트@11531931]" name="a_네이버뮤직차트_테스트" duration-ms="42312" started-at="2016-09-23T11:03:37Z" finished-at="2016-09-23T11:04:19Z">
          <reporter-output>
          </reporter-output>
        </test-method> <!-- a_네이버뮤직차트_테스트 -->
        <test-method status="PASS" signature="tearDown()[pri:0, instance:music_01_MusicHome.Test_01_네뮤차트@11531931]" name="tearDown" is-config="true" duration-ms="15221" started-at="2016-09-23T11:04:19Z" finished-at="2016-09-23T11:04:34Z">
          <reporter-output>
          </reporter-output>
        </test-method> <!-- tearDown -->
      </class> <!-- music_01_MusicHome.Test_01_네뮤차트 -->
    </test> <!-- Default test -->
  </suite> <!-- Default suite -->
</testng-results>
